2019/06/10 10:19:48.190|ERROR|An error has occurred Found buildtools2 in c:\git\streams\ac\as\aclib\aclib.vcxproj, but it was not in dictionary|GenerateGraphForStreams.CodeSearcher|EventId_Id=20, EventId=20
2019/06/10 10:20:01.174|ERROR|An error has occurred Found buildtools2 in c:\git\streams\ac\as\aclib\aclib.vcxproj, but it was not in dictionary|GenerateGraphForStreams.CodeSearcher|EventId_Id=20, EventId=20
2019/06/10 10:20:18.283|ERROR|An error has occurred Found buildtools2 in c:\git\streams\ac\as\acsvc\acsvc.vcxproj, but it was not in dictionary|GenerateGraphForStreams.CodeSearcher|EventId_Id=20, EventId=20
2019/06/10 10:20:18.466|ERROR|An error has occurred Found buildtools2 in c:\git\streams\ac\as\acsvc\acsvc.vcxproj, but it was not in dictionary|GenerateGraphForStreams.CodeSearcher|EventId_Id=20, EventId=20
2019/06/10 10:20:19.264|ERROR|An error has occurred Found tsd.accesscontrol.applicationserver.acwebservice in c:\git\streams\ac\as\ACWebService\ACWebService.csproj, but it was not in dictionary|GenerateGraphForStreams.CodeSearcher|EventId_Id=20, EventId=20
2019/06/10 10:20:19.264|ERROR|An error has occurred Found tsd.accesscontrol.applicationserver.acwebservice in c:\git\streams\ac\as\ACWebService\ACWebService.csproj, but it was not in dictionary|GenerateGraphForStreams.CodeSearcher|EventId_Id=20, EventId=20
2019/06/10 10:20:19.446|ERROR|An error has occurred Found tsd.accesscontrol.applicationserver.acwebservice in c:\git\streams\ac\as\ACWebService\ACWebService.csproj, but it was not in dictionary|GenerateGraphForStreams.CodeSearcher|EventId_Id=20, EventId=20
2019/06/10 10:20:19.517|ERROR|An error has occurred Found tsd.accesscontrol.applicationserver.acwebservice in c:\git\streams\ac\as\ACWebService\ACWebService.csproj, but it was not in dictionary|GenerateGraphForStreams.CodeSearcher|EventId_Id=20, EventId=20
2019/06/10 10:20:19.659|ERROR|An error has occurred Found tsd.accesscontrol.applicationserver.dataaccesslayer in c:\git\streams\ac\as\ACWebService\ACWebService.csproj, but it was not in dictionary|GenerateGraphForStreams.CodeSearcher|EventId_Id=20, EventId=20
2019/06/10 10:20:19.680|ERROR|An error has occurred Found tsd.accesscontrol.applicationserver.externaluserimport in c:\git\streams\ac\as\ACWebService\ACWebService.csproj, but it was not in dictionary|GenerateGraphForStreams.CodeSearcher|EventId_Id=20, EventId=20
2019/06/10 10:20:19.705|ERROR|An error has occurred Found tsd.libraries.applicationserver.webservicesupport in c:\git\streams\ac\as\ACWebService\ACWebService.csproj, but it was not in dictionary|GenerateGraphForStreams.CodeSearcher|EventId_Id=20, EventId=20
2019/06/10 10:20:19.731|ERROR|An error has occurred Found tsd.libraries.common.core in c:\git\streams\ac\as\ACWebService\ACWebService.csproj, but it was not in dictionary|GenerateGraphForStreams.CodeSearcher|EventId_Id=20, EventId=20
2019/06/10 10:20:19.757|ERROR|An error has occurred Found tsd.libraries.common.staticdata in c:\git\streams\ac\as\ACWebService\ACWebService.csproj, but it was not in dictionary|GenerateGraphForStreams.CodeSearcher|EventId_Id=20, EventId=20
2019/06/10 10:20:19.775|ERROR|An error has occurred Found tsd.libraries.common.types in c:\git\streams\ac\as\ACWebService\ACWebService.csproj, but it was not in dictionary|GenerateGraphForStreams.CodeSearcher|EventId_Id=20, EventId=20
2019/06/10 10:20:20.132|ERROR|An error has occurred Found buildtools2 in c:\git\streams\ac\as\ACWebService\ACWebService.csproj, but it was not in dictionary|GenerateGraphForStreams.CodeSearcher|EventId_Id=20, EventId=20
2019/06/10 10:20:20.217|ERROR|An error has occurred Found tsd.accesscontrol.applicationserver.acwebservice in c:\git\streams\ac\as\ACWebService\UnitTests\ACWebService.UnitTests.csproj, but it was not in dictionary|GenerateGraphForStreams.CodeSearcher|EventId_Id=20, EventId=20
2019/06/10 10:20:20.217|ERROR|An error has occurred Found tsd.accesscontrol.applicationserver.acwebservice in c:\git\streams\ac\as\ACWebService\UnitTests\ACWebService.UnitTests.csproj, but it was not in dictionary|GenerateGraphForStreams.CodeSearcher|EventId_Id=20, EventId=20
2019/06/10 10:20:20.431|ERROR|An error has occurred Found tsd.libraries.common.types in c:\git\streams\ac\as\ACWebService\UnitTests\ACWebService.UnitTests.csproj, but it was not in dictionary|GenerateGraphForStreams.CodeSearcher|EventId_Id=20, EventId=20
2019/06/10 10:20:20.532|ERROR|An error has occurred Found buildtools2 in c:\git\streams\ac\as\ACWebService\UnitTests\ACWebService.UnitTests.csproj, but it was not in dictionary|GenerateGraphForStreams.CodeSearcher|EventId_Id=20, EventId=20
2019/06/10 10:20:20.604|ERROR|An error has occurred Found tsd.accesscontrol.applicationserver.aduserimporter in c:\git\streams\ac\as\ADUserImporter\ADUserImporter.csproj, but it was not in dictionary|GenerateGraphForStreams.CodeSearcher|EventId_Id=20, EventId=20
2019/06/10 10:20:20.775|ERROR|An error has occurred Found tsd.accesscontrol.applicationserver.externaluserimport in c:\git\streams\ac\as\ADUserImporter\ADUserImporter.csproj, but it was not in dictionary|GenerateGraphForStreams.CodeSearcher|EventId_Id=20, EventId=20
2019/06/10 10:20:20.799|ERROR|An error has occurred Found tsd.libraries.applicationserver.webservicesupport in c:\git\streams\ac\as\ADUserImporter\ADUserImporter.csproj, but it was not in dictionary|GenerateGraphForStreams.CodeSearcher|EventId_Id=20, EventId=20
2019/06/10 10:20:20.927|ERROR|An error has occurred Found buildtools2 in c:\git\streams\ac\as\ADUserImporter\ADUserImporter.csproj, but it was not in dictionary|GenerateGraphForStreams.CodeSearcher|EventId_Id=20, EventId=20
2019/06/10 10:20:21.004|ERROR|An error has occurred Found tsd.accesscontrol.applicationserver.aduserimporter in c:\git\streams\ac\as\ADUserImporter\UnitTests\ADUserImporter.UnitTests.csproj, but it was not in dictionary|GenerateGraphForStreams.CodeSearcher|EventId_Id=20, EventId=20
2019/06/10 10:20:21.232|ERROR|An error has occurred Found buildtools2 in c:\git\streams\ac\as\ADUserImporter\UnitTests\ADUserImporter.UnitTests.csproj, but it was not in dictionary|GenerateGraphForStreams.CodeSearcher|EventId_Id=20, EventId=20
2019/06/10 10:20:21.330|ERROR|An error has occurred Found tsd.accesscontrol.applicationserver.certificatestore in c:\git\streams\ac\as\CertificateStore\CertificateStore.csproj, but it was not in dictionary|GenerateGraphForStreams.CodeSearcher|EventId_Id=20, EventId=20
2019/06/10 10:20:21.342|ERROR|An error has occurred Found tsd.accesscontrol.applicationserver.certificatestore in c:\git\streams\ac\as\CertificateStore\CertificateStore.csproj, but it was not in dictionary|GenerateGraphForStreams.CodeSearcher|EventId_Id=20, EventId=20
2019/06/10 10:20:21.584|ERROR|An error has occurred Found tsd.libraries.applicationserver.webservicesupport in c:\git\streams\ac\as\CertificateStore\CertificateStore.csproj, but it was not in dictionary|GenerateGraphForStreams.CodeSearcher|EventId_Id=20, EventId=20
2019/06/10 10:20:21.609|ERROR|An error has occurred Found tsd.libraries.common.core in c:\git\streams\ac\as\CertificateStore\CertificateStore.csproj, but it was not in dictionary|GenerateGraphForStreams.CodeSearcher|EventId_Id=20, EventId=20
2019/06/10 10:20:21.609|ERROR|An error has occurred Found tsd.libraries.common.staticdata in c:\git\streams\ac\as\CertificateStore\CertificateStore.csproj, but it was not in dictionary|GenerateGraphForStreams.CodeSearcher|EventId_Id=20, EventId=20
2019/06/10 10:20:21.681|ERROR|An error has occurred Found tsd.libraries.common.types in c:\git\streams\ac\as\CertificateStore\CertificateStore.csproj, but it was not in dictionary|GenerateGraphForStreams.CodeSearcher|EventId_Id=20, EventId=20
2019/06/10 10:20:22.027|ERROR|An error has occurred Found buildtools2 in c:\git\streams\ac\as\CertificateStore\CertificateStore.csproj, but it was not in dictionary|GenerateGraphForStreams.CodeSearcher|EventId_Id=20, EventId=20
2019/06/10 10:20:22.108|ERROR|An error has occurred Found tsd.accesscontrol.applicationserver.certificatestore in c:\git\streams\ac\as\CertificateStore\UnitTests\CertificateStore.UnitTests.csproj, but it was not in dictionary|GenerateGraphForStreams.CodeSearcher|EventId_Id=20, EventId=20
2019/06/10 10:20:22.108|ERROR|An error has occurred Found tsd.accesscontrol.applicationserver.certificatestore in c:\git\streams\ac\as\CertificateStore\UnitTests\CertificateStore.UnitTests.csproj, but it was not in dictionary|GenerateGraphForStreams.CodeSearcher|EventId_Id=20, EventId=20
2019/06/10 10:20:22.291|ERROR|An error has occurred Found buildtools2 in c:\git\streams\ac\as\CertificateStore\UnitTests\CertificateStore.UnitTests.csproj, but it was not in dictionary|GenerateGraphForStreams.CodeSearcher|EventId_Id=20, EventId=20
2019/06/10 10:20:22.361|ERROR|An error has occurred Found tsd.accesscontrol.applicationserver.dataaccesslayer in c:\git\streams\ac\as\DataAccessLayer\DataAccessLayer.csproj, but it was not in dictionary|GenerateGraphForStreams.CodeSearcher|EventId_Id=20, EventId=20
2019/06/10 10:20:22.361|ERROR|An error has occurred Found tsd.accesscontrol.applicationserver.dataaccesslayer in c:\git\streams\ac\as\DataAccessLayer\DataAccessLayer.csproj, but it was not in dictionary|GenerateGraphForStreams.CodeSearcher|EventId_Id=20, EventId=20
2019/06/10 10:20:22.462|ERROR|An error has occurred Found tsd.accesscontrol.applicationserver.dataaccesslayer in c:\git\streams\ac\as\DataAccessLayer\DataAccessLayer.csproj, but it was not in dictionary|GenerateGraphForStreams.CodeSearcher|EventId_Id=20, EventId=20
2019/06/10 10:20:22.514|ERROR|An error has occurred Found tsd.accesscontrol.applicationserver.dataaccesslayer in c:\git\streams\ac\as\DataAccessLayer\DataAccessLayer.csproj, but it was not in dictionary|GenerateGraphForStreams.CodeSearcher|EventId_Id=20, EventId=20
2019/06/10 10:20:22.583|ERROR|An error has occurred Found tsd.libraries.applicationserver.webservicesupport in c:\git\streams\ac\as\DataAccessLayer\DataAccessLayer.csproj, but it was not in dictionary|GenerateGraphForStreams.CodeSearcher|EventId_Id=20, EventId=20
2019/06/10 10:20:22.613|ERROR|An error has occurred Found tsd.libraries.common.staticdata in c:\git\streams\ac\as\DataAccessLayer\DataAccessLayer.csproj, but it was not in dictionary|GenerateGraphForStreams.CodeSearcher|EventId_Id=20, EventId=20
2019/06/10 10:20:22.692|ERROR|An error has occurred Found buildtools2 in c:\git\streams\ac\as\DataAccessLayer\DataAccessLayer.csproj, but it was not in dictionary|GenerateGraphForStreams.CodeSearcher|EventId_Id=20, EventId=20
2019/06/10 10:20:22.789|ERROR|An error has occurred Found tsd.accesscontrol.applicationserver.dataaccesslayer in c:\git\streams\ac\as\DataAccessLayer\UnitTests\DataAccessLayer.UnitTests.csproj, but it was not in dictionary|GenerateGraphForStreams.CodeSearcher|EventId_Id=20, EventId=20
2019/06/10 10:20:22.795|ERROR|An error has occurred Found tsd.accesscontrol.applicationserver.dataaccesslayer in c:\git\streams\ac\as\DataAccessLayer\UnitTests\DataAccessLayer.UnitTests.csproj, but it was not in dictionary|GenerateGraphForStreams.CodeSearcher|EventId_Id=20, EventId=20
2019/06/10 10:20:23.150|ERROR|An error has occurred Found tsd.libraries.applicationserver.webservicesupport in c:\git\streams\ac\as\DataAccessLayer\UnitTests\DataAccessLayer.UnitTests.csproj, but it was not in dictionary|GenerateGraphForStreams.CodeSearcher|EventId_Id=20, EventId=20
2019/06/10 10:20:23.178|ERROR|An error has occurred Found tsd.libraries.applicationserver.webservicesupport in c:\git\streams\ac\as\DataAccessLayer\UnitTests\DataAccessLayer.UnitTests.csproj, but it was not in dictionary|GenerateGraphForStreams.CodeSearcher|EventId_Id=20, EventId=20
2019/06/10 10:20:23.203|ERROR|An error has occurred Found tsd.libraries.common.staticdata in c:\git\streams\ac\as\DataAccessLayer\UnitTests\DataAccessLayer.UnitTests.csproj, but it was not in dictionary|GenerateGraphForStreams.CodeSearcher|EventId_Id=20, EventId=20
2019/06/10 10:20:23.250|ERROR|An error has occurred Found tsd.tools.common.unittesttools in c:\git\streams\ac\as\DataAccessLayer\UnitTests\DataAccessLayer.UnitTests.csproj, but it was not in dictionary|GenerateGraphForStreams.CodeSearcher|EventId_Id=20, EventId=20
2019/06/10 10:20:23.368|ERROR|An error has occurred Found buildtools2 in c:\git\streams\ac\as\DataAccessLayer\UnitTests\DataAccessLayer.UnitTests.csproj, but it was not in dictionary|GenerateGraphForStreams.CodeSearcher|EventId_Id=20, EventId=20
2019/06/10 10:20:23.479|ERROR|An error has occurred Found tsd.accesscontrol.applicationserver.externaluserimport in c:\git\streams\ac\as\ExternalUserImport\ExternalUserImport.csproj, but it was not in dictionary|GenerateGraphForStreams.CodeSearcher|EventId_Id=20, EventId=20
2019/06/10 10:20:23.488|ERROR|An error has occurred Found tsd.accesscontrol.applicationserver.externaluserimport in c:\git\streams\ac\as\ExternalUserImport\ExternalUserImport.csproj, but it was not in dictionary|GenerateGraphForStreams.CodeSearcher|EventId_Id=20, EventId=20
2019/06/10 10:20:23.583|ERROR|An error has occurred Found tsd.accesscontrol.applicationserver.externaluserimport in c:\git\streams\ac\as\ExternalUserImport\ExternalUserImport.csproj, but it was not in dictionary|GenerateGraphForStreams.CodeSearcher|EventId_Id=20, EventId=20
2019/06/10 10:20:23.644|ERROR|An error has occurred Found tsd.accesscontrol.applicationserver.externaluserimport in c:\git\streams\ac\as\ExternalUserImport\ExternalUserImport.csproj, but it was not in dictionary|GenerateGraphForStreams.CodeSearcher|EventId_Id=20, EventId=20
2019/06/10 10:20:23.714|ERROR|An error has occurred Found tsd.libraries.applicationserver.webservicesupport in c:\git\streams\ac\as\ExternalUserImport\ExternalUserImport.csproj, but it was not in dictionary|GenerateGraphForStreams.CodeSearcher|EventId_Id=20, EventId=20
2019/06/10 10:20:23.736|ERROR|An error has occurred Found tsd.libraries.common.staticdata in c:\git\streams\ac\as\ExternalUserImport\ExternalUserImport.csproj, but it was not in dictionary|GenerateGraphForStreams.CodeSearcher|EventId_Id=20, EventId=20
2019/06/10 10:20:23.756|ERROR|An error has occurred Found tsd.libraries.common.types in c:\git\streams\ac\as\ExternalUserImport\ExternalUserImport.csproj, but it was not in dictionary|GenerateGraphForStreams.CodeSearcher|EventId_Id=20, EventId=20
2019/06/10 10:20:23.793|ERROR|An error has occurred Found tsd.libraries.common.types in c:\git\streams\ac\as\ExternalUserImport\ExternalUserImport.csproj, but it was not in dictionary|GenerateGraphForStreams.CodeSearcher|EventId_Id=20, EventId=20
2019/06/10 10:20:23.917|ERROR|An error has occurred Found buildtools2 in c:\git\streams\ac\as\ExternalUserImport\ExternalUserImport.csproj, but it was not in dictionary|GenerateGraphForStreams.CodeSearcher|EventId_Id=20, EventId=20
2019/06/10 10:20:23.983|ERROR|An error has occurred Found tsd.accesscontrol.applicationserver.externaluserimport in c:\git\streams\ac\as\ExternalUserImport\UnitTests\ExternalUserImport.UnitTests.csproj, but it was not in dictionary|GenerateGraphForStreams.CodeSearcher|EventId_Id=20, EventId=20
2019/06/10 10:20:23.983|ERROR|An error has occurred Found tsd.accesscontrol.applicationserver.externaluserimport in c:\git\streams\ac\as\ExternalUserImport\UnitTests\ExternalUserImport.UnitTests.csproj, but it was not in dictionary|GenerateGraphForStreams.CodeSearcher|EventId_Id=20, EventId=20
2019/06/10 10:20:24.146|ERROR|An error has occurred Found tsd.accesscontrol.applicationserver.externaluserimport in c:\git\streams\ac\as\ExternalUserImport\UnitTests\ExternalUserImport.UnitTests.csproj, but it was not in dictionary|GenerateGraphForStreams.CodeSearcher|EventId_Id=20, EventId=20
2019/06/10 10:20:24.168|ERROR|An error has occurred Found tsd.libraries.common.staticdata in c:\git\streams\ac\as\ExternalUserImport\UnitTests\ExternalUserImport.UnitTests.csproj, but it was not in dictionary|GenerateGraphForStreams.CodeSearcher|EventId_Id=20, EventId=20
2019/06/10 10:20:24.191|ERROR|An error has occurred Found tsd.libraries.common.types in c:\git\streams\ac\as\ExternalUserImport\UnitTests\ExternalUserImport.UnitTests.csproj, but it was not in dictionary|GenerateGraphForStreams.CodeSearcher|EventId_Id=20, EventId=20
2019/06/10 10:20:24.300|ERROR|An error has occurred Found buildtools2 in c:\git\streams\ac\as\ExternalUserImport\UnitTests\ExternalUserImport.UnitTests.csproj, but it was not in dictionary|GenerateGraphForStreams.CodeSearcher|EventId_Id=20, EventId=20
2019/06/10 10:20:24.485|ERROR|An error has occurred Found nconsole in c:\git\streams\ac\as\makecerts\makecerts.csproj, but it was not in dictionary|GenerateGraphForStreams.CodeSearcher|EventId_Id=20, EventId=20
2019/06/10 10:20:24.873|ERROR|An error has occurred Found buildtools2 in c:\git\streams\ac\as\makecerts\UnitTests\makecerts.UnitTests.csproj, but it was not in dictionary|GenerateGraphForStreams.CodeSearcher|EventId_Id=20, EventId=20
2019/06/10 10:20:24.981|ERROR|An error has occurred Found tsd.accesscontrol.workstation in c:\git\streams\ac\ws\AccessControl.Workstation\AccessControl.Workstation.csproj, but it was not in dictionary|GenerateGraphForStreams.CodeSearcher|EventId_Id=20, EventId=20
2019/06/10 10:20:24.993|ERROR|An error has occurred Found tsd.accesscontrol.workstation in c:\git\streams\ac\ws\AccessControl.Workstation\AccessControl.Workstation.csproj, but it was not in dictionary|GenerateGraphForStreams.CodeSearcher|EventId_Id=20, EventId=20
2019/06/10 10:20:25.133|ERROR|An error has occurred Found tsd.accesscontrol.workstation in c:\git\streams\ac\ws\AccessControl.Workstation\AccessControl.Workstation.csproj, but it was not in dictionary|GenerateGraphForStreams.CodeSearcher|EventId_Id=20, EventId=20
2019/06/10 10:20:25.377|ERROR|An error has occurred Found tsd.accesscontrol.workstation in c:\git\streams\ac\ws\AccessControl.Workstation\AccessControl.Workstation.csproj, but it was not in dictionary|GenerateGraphForStreams.CodeSearcher|EventId_Id=20, EventId=20
2019/06/10 10:20:25.377|ERROR|An error has occurred Found tsd.libraries.common.core in c:\git\streams\ac\ws\AccessControl.Workstation\AccessControl.Workstation.csproj, but it was not in dictionary|GenerateGraphForStreams.CodeSearcher|EventId_Id=20, EventId=20
2019/06/10 10:20:25.414|ERROR|An error has occurred Found tsd.libraries.common.staticdata in c:\git\streams\ac\ws\AccessControl.Workstation\AccessControl.Workstation.csproj, but it was not in dictionary|GenerateGraphForStreams.CodeSearcher|EventId_Id=20, EventId=20
2019/06/10 10:20:25.454|ERROR|An error has occurred Found tsd.libraries.common.types in c:\git\streams\ac\ws\AccessControl.Workstation\AccessControl.Workstation.csproj, but it was not in dictionary|GenerateGraphForStreams.CodeSearcher|EventId_Id=20, EventId=20
2019/06/10 10:20:25.476|ERROR|An error has occurred Found tsd.libraries.workstation.dataaccesssupport in c:\git\streams\ac\ws\AccessControl.Workstation\AccessControl.Workstation.csproj, but it was not in dictionary|GenerateGraphForStreams.CodeSearcher|EventId_Id=20, EventId=20
2019/06/10 10:20:25.502|ERROR|An error has occurred Found tsd.libraries.workstation.dbutil in c:\git\streams\ac\ws\AccessControl.Workstation\AccessControl.Workstation.csproj, but it was not in dictionary|GenerateGraphForStreams.CodeSearcher|EventId_Id=20, EventId=20
2019/06/10 10:20:25.536|ERROR|An error has occurred Found tsd.libraries.workstation.errorui2 in c:\git\streams\ac\ws\AccessControl.Workstation\AccessControl.Workstation.csproj, but it was not in dictionary|GenerateGraphForStreams.CodeSearcher|EventId_Id=20, EventId=20
2019/06/10 10:20:25.560|ERROR|An error has occurred Found tsd.libraries.workstation.htmlhelpsupport in c:\git\streams\ac\ws\AccessControl.Workstation\AccessControl.Workstation.csproj, but it was not in dictionary|GenerateGraphForStreams.CodeSearcher|EventId_Id=20, EventId=20
2019/06/10 10:20:25.560|ERROR|An error has occurred Found tsd.libraries.workstation.printlib in c:\git\streams\ac\ws\AccessControl.Workstation\AccessControl.Workstation.csproj, but it was not in dictionary|GenerateGraphForStreams.CodeSearcher|EventId_Id=20, EventId=20
2019/06/10 10:20:25.604|ERROR|An error has occurred Found tsd.libraries.workstation.reportmenulibrary in c:\git\streams\ac\ws\AccessControl.Workstation\AccessControl.Workstation.csproj, but it was not in dictionary|GenerateGraphForStreams.CodeSearcher|EventId_Id=20, EventId=20
2019/06/10 10:20:25.626|ERROR|An error has occurred Found tsd.libraries.workstation.settingsutil in c:\git\streams\ac\ws\AccessControl.Workstation\AccessControl.Workstation.csproj, but it was not in dictionary|GenerateGraphForStreams.CodeSearcher|EventId_Id=20, EventId=20
2019/06/10 10:20:25.648|ERROR|An error has occurred Found tsd.libraries.workstation.spellchecker in c:\git\streams\ac\ws\AccessControl.Workstation\AccessControl.Workstation.csproj, but it was not in dictionary|GenerateGraphForStreams.CodeSearcher|EventId_Id=20, EventId=20
2019/06/10 10:20:25.673|ERROR|An error has occurred Found tsd.libraries.workstation.standardui in c:\git\streams\ac\ws\AccessControl.Workstation\AccessControl.Workstation.csproj, but it was not in dictionary|GenerateGraphForStreams.CodeSearcher|EventId_Id=20, EventId=20
2019/06/10 10:20:25.694|ERROR|An error has occurred Found tsd.libraries.workstation.sxbase in c:\git\streams\ac\ws\AccessControl.Workstation\AccessControl.Workstation.csproj, but it was not in dictionary|GenerateGraphForStreams.CodeSearcher|EventId_Id=20, EventId=20
2019/06/10 10:20:25.722|ERROR|An error has occurred Found tsd.libraries.workstation.sxbase in c:\git\streams\ac\ws\AccessControl.Workstation\AccessControl.Workstation.csproj, but it was not in dictionary|GenerateGraphForStreams.CodeSearcher|EventId_Id=20, EventId=20
2019/06/10 10:20:25.755|ERROR|An error has occurred Found tsd.libraries.workstation.sxlist in c:\git\streams\ac\ws\AccessControl.Workstation\AccessControl.Workstation.csproj, but it was not in dictionary|GenerateGraphForStreams.CodeSearcher|EventId_Id=20, EventId=20
2019/06/10 10:20:25.775|ERROR|An error has occurred Found tsd.libraries.workstation.sxmanager in c:\git\streams\ac\ws\AccessControl.Workstation\AccessControl.Workstation.csproj, but it was not in dictionary|GenerateGraphForStreams.CodeSearcher|EventId_Id=20, EventId=20
2019/06/10 10:20:25.799|ERROR|An error has occurred Found tsd.libraries.workstation.sxpp in c:\git\streams\ac\ws\AccessControl.Workstation\AccessControl.Workstation.csproj, but it was not in dictionary|GenerateGraphForStreams.CodeSearcher|EventId_Id=20, EventId=20
2019/06/10 10:20:25.820|ERROR|An error has occurred Found tsd.libraries.workstation.sxprop in c:\git\streams\ac\ws\AccessControl.Workstation\AccessControl.Workstation.csproj, but it was not in dictionary|GenerateGraphForStreams.CodeSearcher|EventId_Id=20, EventId=20
2019/06/10 10:20:25.843|ERROR|An error has occurred Found tsd.libraries.workstation.sxprop in c:\git\streams\ac\ws\AccessControl.Workstation\AccessControl.Workstation.csproj, but it was not in dictionary|GenerateGraphForStreams.CodeSearcher|EventId_Id=20, EventId=20
2019/06/10 10:20:25.865|ERROR|An error has occurred Found tsd.libraries.workstation.uicommands in c:\git\streams\ac\ws\AccessControl.Workstation\AccessControl.Workstation.csproj, but it was not in dictionary|GenerateGraphForStreams.CodeSearcher|EventId_Id=20, EventId=20
2019/06/10 10:20:25.885|ERROR|An error has occurred Found tsd.libraries.workstation.wsutil in c:\git\streams\ac\ws\AccessControl.Workstation\AccessControl.Workstation.csproj, but it was not in dictionary|GenerateGraphForStreams.CodeSearcher|EventId_Id=20, EventId=20
2019/06/10 10:20:25.911|ERROR|An error has occurred Found tsd.presentation.workstation.panelayout in c:\git\streams\ac\ws\AccessControl.Workstation\AccessControl.Workstation.csproj, but it was not in dictionary|GenerateGraphForStreams.CodeSearcher|EventId_Id=20, EventId=20
2019/06/10 10:20:26.908|ERROR|An error has occurred Found tsd_accesscontrol_workstation in c:\git\streams\ac\ws\AccessControl.Workstation\AccessControl.Workstation.csproj, but it was not in dictionary|GenerateGraphForStreams.CodeSearcher|EventId_Id=20, EventId=20
2019/06/10 10:20:26.966|ERROR|An error has occurred Found tsd_accesscontrol_workstation in c:\git\streams\ac\ws\AccessControl.Workstation\AccessControl.Workstation.csproj, but it was not in dictionary|GenerateGraphForStreams.CodeSearcher|EventId_Id=20, EventId=20
2019/06/10 10:20:27.245|ERROR|An error has occurred Found buildtools2 in c:\git\streams\ac\ws\AccessControl.Workstation\AccessControl.Workstation.csproj, but it was not in dictionary|GenerateGraphForStreams.CodeSearcher|EventId_Id=20, EventId=20
2019/06/10 10:20:27.365|ERROR|An error has occurred Found tsd.accesscontrol.workstation in c:\git\streams\ac\ws\AccessControl.Workstation\UnitTests\AccessControl.Workstation.UnitTests.csproj, but it was not in dictionary|GenerateGraphForStreams.CodeSearcher|EventId_Id=20, EventId=20
2019/06/10 10:20:27.375|ERROR|An error has occurred Found tsd.accesscontrol.workstation in c:\git\streams\ac\ws\AccessControl.Workstation\UnitTests\AccessControl.Workstation.UnitTests.csproj, but it was not in dictionary|GenerateGraphForStreams.CodeSearcher|EventId_Id=20, EventId=20
2019/06/10 10:20:27.704|ERROR|An error has occurred Found tsd.accesscontrol.workstation in c:\git\streams\ac\ws\AccessControl.Workstation\UnitTests\AccessControl.Workstation.UnitTests.csproj, but it was not in dictionary|GenerateGraphForStreams.CodeSearcher|EventId_Id=20, EventId=20
2019/06/10 10:20:27.727|ERROR|An error has occurred Found tsd.accesscontrol.workstation in c:\git\streams\ac\ws\AccessControl.Workstation\UnitTests\AccessControl.Workstation.UnitTests.csproj, but it was not in dictionary|GenerateGraphForStreams.CodeSearcher|EventId_Id=20, EventId=20
2019/06/10 10:20:27.754|ERROR|An error has occurred Found tsd.accesscontrol.workstation in c:\git\streams\ac\ws\AccessControl.Workstation\UnitTests\AccessControl.Workstation.UnitTests.csproj, but it was not in dictionary|GenerateGraphForStreams.CodeSearcher|EventId_Id=20, EventId=20
2019/06/10 10:20:27.781|ERROR|An error has occurred Found tsd.libraries.common.types in c:\git\streams\ac\ws\AccessControl.Workstation\UnitTests\AccessControl.Workstation.UnitTests.csproj, but it was not in dictionary|GenerateGraphForStreams.CodeSearcher|EventId_Id=20, EventId=20
2019/06/10 10:20:27.812|ERROR|An error has occurred Found tsd.libraries.workstation.sxbase in c:\git\streams\ac\ws\AccessControl.Workstation\UnitTests\AccessControl.Workstation.UnitTests.csproj, but it was not in dictionary|GenerateGraphForStreams.CodeSearcher|EventId_Id=20, EventId=20
2019/06/10 10:20:27.835|ERROR|An error has occurred Found tsd.libraries.common.staticdata in c:\git\streams\ac\ws\AccessControl.Workstation\UnitTests\AccessControl.Workstation.UnitTests.csproj, but it was not in dictionary|GenerateGraphForStreams.CodeSearcher|EventId_Id=20, EventId=20
2019/06/10 10:20:27.866|ERROR|An error has occurred Found tsd.libraries.workstation.sxbase in c:\git\streams\ac\ws\AccessControl.Workstation\UnitTests\AccessControl.Workstation.UnitTests.csproj, but it was not in dictionary|GenerateGraphForStreams.CodeSearcher|EventId_Id=20, EventId=20
2019/06/10 10:20:27.901|ERROR|An error has occurred Found tsd.libraries.workstation.sxbase in c:\git\streams\ac\ws\AccessControl.Workstation\UnitTests\AccessControl.Workstation.UnitTests.csproj, but it was not in dictionary|GenerateGraphForStreams.CodeSearcher|EventId_Id=20, EventId=20
2019/06/10 10:20:27.929|ERROR|An error has occurred Found tsd.libraries.workstation.sxpp in c:\git\streams\ac\ws\AccessControl.Workstation\UnitTests\AccessControl.Workstation.UnitTests.csproj, but it was not in dictionary|GenerateGraphForStreams.CodeSearcher|EventId_Id=20, EventId=20
2019/06/10 10:20:27.954|ERROR|An error has occurred Found tsd.libraries.workstation.sxpp in c:\git\streams\ac\ws\AccessControl.Workstation\UnitTests\AccessControl.Workstation.UnitTests.csproj, but it was not in dictionary|GenerateGraphForStreams.CodeSearcher|EventId_Id=20, EventId=20
2019/06/10 10:20:27.978|ERROR|An error has occurred Found tsd.libraries.workstation.sxprop in c:\git\streams\ac\ws\AccessControl.Workstation\UnitTests\AccessControl.Workstation.UnitTests.csproj, but it was not in dictionary|GenerateGraphForStreams.CodeSearcher|EventId_Id=20, EventId=20
2019/06/10 10:20:28.001|ERROR|An error has occurred Found tsd.tools.common.unittesttools in c:\git\streams\ac\ws\AccessControl.Workstation\UnitTests\AccessControl.Workstation.UnitTests.csproj, but it was not in dictionary|GenerateGraphForStreams.CodeSearcher|EventId_Id=20, EventId=20
2019/06/10 10:20:28.236|ERROR|An error has occurred Found buildtools2 in c:\git\streams\ac\ws\AccessControl.Workstation\UnitTests\AccessControl.Workstation.UnitTests.csproj, but it was not in dictionary|GenerateGraphForStreams.CodeSearcher|EventId_Id=20, EventId=20
2019/06/10 10:20:28.330|ERROR|An error has occurred Found tsd.accesscontrol.workstation in c:\git\streams\ac\ws\Security\Security.csproj, but it was not in dictionary|GenerateGraphForStreams.CodeSearcher|EventId_Id=20, EventId=20
2019/06/10 10:20:28.330|ERROR|An error has occurred Found tsd.accesscontrol.workstation in c:\git\streams\ac\ws\Security\Security.csproj, but it was not in dictionary|GenerateGraphForStreams.CodeSearcher|EventId_Id=20, EventId=20
2019/06/10 10:20:28.442|ERROR|An error has occurred Found tsd.accesscontrol.workstation in c:\git\streams\ac\ws\Security\Security.csproj, but it was not in dictionary|GenerateGraphForStreams.CodeSearcher|EventId_Id=20, EventId=20
2019/06/10 10:20:28.494|ERROR|An error has occurred Found tsd.accesscontrol.workstation in c:\git\streams\ac\ws\Security\Security.csproj, but it was not in dictionary|GenerateGraphForStreams.CodeSearcher|EventId_Id=20, EventId=20
2019/06/10 10:20:28.649|ERROR|An error has occurred Found tsd.libraries.common.core in c:\git\streams\ac\ws\Security\Security.csproj, but it was not in dictionary|GenerateGraphForStreams.CodeSearcher|EventId_Id=20, EventId=20
2019/06/10 10:20:28.675|ERROR|An error has occurred Found tsd.libraries.common.staticdata in c:\git\streams\ac\ws\Security\Security.csproj, but it was not in dictionary|GenerateGraphForStreams.CodeSearcher|EventId_Id=20, EventId=20
2019/06/10 10:20:28.675|ERROR|An error has occurred Found tsd.libraries.common.types in c:\git\streams\ac\ws\Security\Security.csproj, but it was not in dictionary|GenerateGraphForStreams.CodeSearcher|EventId_Id=20, EventId=20
2019/06/10 10:20:28.730|ERROR|An error has occurred Found tsd.libraries.workstation.sxbase in c:\git\streams\ac\ws\Security\Security.csproj, but it was not in dictionary|GenerateGraphForStreams.CodeSearcher|EventId_Id=20, EventId=20
2019/06/10 10:20:28.771|ERROR|An error has occurred Found tsd.libraries.workstation.wstypes in c:\git\streams\ac\ws\Security\Security.csproj, but it was not in dictionary|GenerateGraphForStreams.CodeSearcher|EventId_Id=20, EventId=20
2019/06/10 10:20:28.800|ERROR|An error has occurred Found tsd.libraries.workstation.wsutil in c:\git\streams\ac\ws\Security\Security.csproj, but it was not in dictionary|GenerateGraphForStreams.CodeSearcher|EventId_Id=20, EventId=20
2019/06/10 10:20:29.106|ERROR|An error has occurred Found tsd_accesscontrol_workstation in c:\git\streams\ac\ws\Security\Security.csproj, but it was not in dictionary|GenerateGraphForStreams.CodeSearcher|EventId_Id=20, EventId=20
2019/06/10 10:20:29.339|ERROR|An error has occurred Found buildtools2 in c:\git\streams\ac\ws\Security\Security.csproj, but it was not in dictionary|GenerateGraphForStreams.CodeSearcher|EventId_Id=20, EventId=20
2019/06/10 10:20:29.480|ERROR|An error has occurred Found tsd.accesscontrol.workstation in c:\git\streams\ac\ws\Security\UnitTests\Security.UnitTests.csproj, but it was not in dictionary|GenerateGraphForStreams.CodeSearcher|EventId_Id=20, EventId=20
2019/06/10 10:20:29.500|ERROR|An error has occurred Found tsd.accesscontrol.workstation in c:\git\streams\ac\ws\Security\UnitTests\Security.UnitTests.csproj, but it was not in dictionary|GenerateGraphForStreams.CodeSearcher|EventId_Id=20, EventId=20
2019/06/10 10:20:29.807|ERROR|An error has occurred Found tsd.accesscontrol.workstation in c:\git\streams\ac\ws\Security\UnitTests\Security.UnitTests.csproj, but it was not in dictionary|GenerateGraphForStreams.CodeSearcher|EventId_Id=20, EventId=20
2019/06/10 10:20:29.826|ERROR|An error has occurred Found tsd.accesscontrol.workstation in c:\git\streams\ac\ws\Security\UnitTests\Security.UnitTests.csproj, but it was not in dictionary|GenerateGraphForStreams.CodeSearcher|EventId_Id=20, EventId=20
2019/06/10 10:20:29.849|ERROR|An error has occurred Found tsd.libraries.common.staticdata in c:\git\streams\ac\ws\Security\UnitTests\Security.UnitTests.csproj, but it was not in dictionary|GenerateGraphForStreams.CodeSearcher|EventId_Id=20, EventId=20
2019/06/10 10:20:29.871|ERROR|An error has occurred Found tsd.libraries.common.types in c:\git\streams\ac\ws\Security\UnitTests\Security.UnitTests.csproj, but it was not in dictionary|GenerateGraphForStreams.CodeSearcher|EventId_Id=20, EventId=20
2019/06/10 10:20:29.893|ERROR|An error has occurred Found tsd.libraries.workstation.sxbase in c:\git\streams\ac\ws\Security\UnitTests\Security.UnitTests.csproj, but it was not in dictionary|GenerateGraphForStreams.CodeSearcher|EventId_Id=20, EventId=20
2019/06/10 10:20:29.947|ERROR|An error has occurred Found tsd.libraries.workstation.sxbase in c:\git\streams\ac\ws\Security\UnitTests\Security.UnitTests.csproj, but it was not in dictionary|GenerateGraphForStreams.CodeSearcher|EventId_Id=20, EventId=20
2019/06/10 10:20:29.977|ERROR|An error has occurred Found tsd.libraries.workstation.wsutil in c:\git\streams\ac\ws\Security\UnitTests\Security.UnitTests.csproj, but it was not in dictionary|GenerateGraphForStreams.CodeSearcher|EventId_Id=20, EventId=20
2019/06/10 10:20:29.994|ERROR|An error has occurred Found tsd.tools.common.unittesttools in c:\git\streams\ac\ws\Security\UnitTests\Security.UnitTests.csproj, but it was not in dictionary|GenerateGraphForStreams.CodeSearcher|EventId_Id=20, EventId=20
2019/06/10 10:20:30.148|ERROR|An error has occurred Found buildtools2 in c:\git\streams\ac\ws\Security\UnitTests\Security.UnitTests.csproj, but it was not in dictionary|GenerateGraphForStreams.CodeSearcher|EventId_Id=20, EventId=20
2019/06/10 10:20:30.272|ERROR|An error has occurred Found tsd.accesscontrol.workstation in c:\git\streams\ac\ws\Security\UnitTestSupport\Security.UnitTestSupport.csproj, but it was not in dictionary|GenerateGraphForStreams.CodeSearcher|EventId_Id=20, EventId=20
2019/06/10 10:20:30.286|ERROR|An error has occurred Found tsd.accesscontrol.workstation in c:\git\streams\ac\ws\Security\UnitTestSupport\Security.UnitTestSupport.csproj, but it was not in dictionary|GenerateGraphForStreams.CodeSearcher|EventId_Id=20, EventId=20
2019/06/10 10:20:30.414|ERROR|An error has occurred Found tsd.accesscontrol.workstation in c:\git\streams\ac\ws\Security\UnitTestSupport\Security.UnitTestSupport.csproj, but it was not in dictionary|GenerateGraphForStreams.CodeSearcher|EventId_Id=20, EventId=20
2019/06/10 10:20:30.510|ERROR|An error has occurred Found tsd.accesscontrol.workstation in c:\git\streams\ac\ws\Security\UnitTestSupport\Security.UnitTestSupport.csproj, but it was not in dictionary|GenerateGraphForStreams.CodeSearcher|EventId_Id=20, EventId=20
2019/06/10 10:20:30.632|ERROR|An error has occurred Found tsd.accesscontrol.workstation in c:\git\streams\ac\ws\Security\UnitTestSupport\Security.UnitTestSupport.csproj, but it was not in dictionary|GenerateGraphForStreams.CodeSearcher|EventId_Id=20, EventId=20
2019/06/10 10:20:30.665|ERROR|An error has occurred Found tsd.libraries.common.staticdata in c:\git\streams\ac\ws\Security\UnitTestSupport\Security.UnitTestSupport.csproj, but it was not in dictionary|GenerateGraphForStreams.CodeSearcher|EventId_Id=20, EventId=20
2019/06/10 10:20:30.717|ERROR|An error has occurred Found tsd.libraries.workstation.sxbase in c:\git\streams\ac\ws\Security\UnitTestSupport\Security.UnitTestSupport.csproj, but it was not in dictionary|GenerateGraphForStreams.CodeSearcher|EventId_Id=20, EventId=20
2019/06/10 10:20:30.765|ERROR|An error has occurred Found tsd.libraries.workstation.sxbase in c:\git\streams\ac\ws\Security\UnitTestSupport\Security.UnitTestSupport.csproj, but it was not in dictionary|GenerateGraphForStreams.CodeSearcher|EventId_Id=20, EventId=20
