2019/06/14 11:24:51.096|WARN|Multiple software components of the same name were found.  anprsvc:c:\git\streams\anpr\as\anprsvc\anprsvc.vcxproj|c:\git\streams\msd\as\msdaggsvc\msdaggsvc.vcxproj|c:\git\streams\msd\as\msdsvc\msdsvc.vcxproj,secureproxy:c:\git\streams\core\as\secureproxy\secureproxy.vcxproj|c:\git\streams\core\as\secureproxy\secureproxy2.vcxproj,aslexUnitTests:c:\git\streams\dms\as\dmsbitmap\UnitTests\dmsbitmap.UnitTests.vcxproj|c:\git\streams\lib\as\aslex\UnitTests\aslex.UnitTests.vcxproj,em2svc:c:\git\streams\em\as\em2svc\em2svc.vcxproj|c:\git\streams\em\as\wgbsvc\wgbsvc.vcxproj|c:\git\streams\ride\as\icestationsvc\icestationsvc.vcxproj|c:\git\streams\ride\as\pumpsvc\pumpsvc.vcxproj|c:\git\streams\ride\as\towallocsvc\towallocsvc.vcxproj,UnitTests:c:\git\streams\lib\as\asdb\UnitTests\asdb.UnitTests.vcxproj|c:\git\streams\tools\as\Genusernotes2\UnitTests\UnitTests.csproj,Tsd.NationalPerformanceIndicator.ApplicationServer.NPIHMReportWebSvc.UnitTests:c:\git\streams\npi\as\NPIHMReportWebSvc\NPIHMReportWebSvc.UnitTests.csproj|c:\git\streams\npi\as\NPIHMReportWebSvc\UnitTests\NPIHMReportWebSvc.UnitTests.csproj,npisvc:c:\git\streams\npi\as\npirecalsvc\npirecalsvc.vcxproj|c:\git\streams\npi\as\npisvc\npisvc.vcxproj |GenerateGraphForStreams.CodeSearcher|EventId_Id=30, EventId=30
2019/06/14 11:25:48.832|WARN|An error has occurred Found Tsd_AccessControl_Workstation in c:\git\streams\ac\ws\AccessControl.Workstation\AccessControl.Workstation.csproj, but it was not in dictionary|GenerateGraphForStreams.CodeSearcher|EventId_Id=20, EventId=20
2019/06/14 11:25:48.899|WARN|An error has occurred Found Tsd_AccessControl_Workstation in c:\git\streams\ac\ws\AccessControl.Workstation\AccessControl.Workstation.csproj, but it was not in dictionary|GenerateGraphForStreams.CodeSearcher|EventId_Id=20, EventId=20
2019/06/14 11:25:49.770|WARN|An error has occurred Found Tsd_AccessControl_Workstation in c:\git\streams\ac\ws\Security\Security.csproj, but it was not in dictionary|GenerateGraphForStreams.CodeSearcher|EventId_Id=20, EventId=20
2019/06/14 11:25:53.024|WARN|An error has occurred Found Tsd_AutomatedIncidentDetection_Workstation_AIDCAReportClient in c:\git\streams\aid\ws\AIDCAReportClient\AIDCAReportClient.csproj, but it was not in dictionary|GenerateGraphForStreams.CodeSearcher|EventId_Id=20, EventId=20
2019/06/14 11:26:05.096|WARN|An error has occurred Found Tsd_AppManagement_Workstation in c:\git\streams\am\ws\AppManagement.Workstation\AppManagement.Workstation.csproj, but it was not in dictionary|GenerateGraphForStreams.CodeSearcher|EventId_Id=20, EventId=20
2019/06/14 11:26:09.519|WARN|An error has occurred Found Tsd_AutoNumPlateRec_Workstation in c:\git\streams\anpr\ws\AutoNumPlateRec.Workstation\AutoNumPlateRec.Workstation.csproj, but it was not in dictionary|GenerateGraphForStreams.CodeSearcher|EventId_Id=20, EventId=20
2019/06/14 11:26:17.114|WARN|An error has occurred Found Tsd_Core_Workstation_FileUploader in c:\git\streams\core\ws\FileUploader\FileUploader.csproj, but it was not in dictionary|GenerateGraphForStreams.CodeSearcher|EventId_Id=20, EventId=20
2019/06/14 11:26:40.842|WARN|An error has occurred Found Tsd_DynMessSign_Workstation in c:\git\streams\dms\ws\dmsmimage\dmsmimage.csproj, but it was not in dictionary|GenerateGraphForStreams.CodeSearcher|EventId_Id=20, EventId=20
2019/06/14 11:26:43.819|WARN|An error has occurred Found Tsd_DynMessSign_Workstation in c:\git\streams\dms\ws\DynMessSign.Workstation\DynMessSign.Workstation.csproj, but it was not in dictionary|GenerateGraphForStreams.CodeSearcher|EventId_Id=20, EventId=20
2019/06/14 11:26:53.517|WARN|An error has occurred Found Tsd_DetectorSite_Workstation in c:\git\streams\ds\ws\VCTReportClient\VCTReportClient.csproj, but it was not in dictionary|GenerateGraphForStreams.CodeSearcher|EventId_Id=20, EventId=20
2019/06/14 11:26:56.662|WARN|An error has occurred Found Tsd_EnvMonitor_Workstation in c:\git\streams\em\ws\EnvMonitor.Workstation\EnvMonitor.Workstation.csproj, but it was not in dictionary|GenerateGraphForStreams.CodeSearcher|EventId_Id=20, EventId=20
2019/06/14 11:27:05.341|WARN|An error has occurred Found Tsd_EventReport_Workstation in c:\git\streams\er\ws\erpp\erpp.csproj, but it was not in dictionary|GenerateGraphForStreams.CodeSearcher|EventId_Id=20, EventId=20
2019/06/14 11:27:06.516|WARN|An error has occurred Found Tsd_EventReport_Workstation in c:\git\streams\er\ws\ErTypes2\ErTypes2.csproj, but it was not in dictionary|GenerateGraphForStreams.CodeSearcher|EventId_Id=20, EventId=20
2019/06/14 11:27:23.384|WARN|An error has occurred Found Tsd_FieldResponse_Workstation in c:\git\streams\fr\ws\FieldResponse.Workstation\FieldResponse.Workstation.csproj, but it was not in dictionary|GenerateGraphForStreams.CodeSearcher|EventId_Id=20, EventId=20
2019/06/14 11:27:23.427|WARN|An error has occurred Found Tsd_FieldResponse_Workstation in c:\git\streams\fr\ws\FieldResponse.Workstation\FieldResponse.Workstation.csproj, but it was not in dictionary|GenerateGraphForStreams.CodeSearcher|EventId_Id=20, EventId=20
2019/06/14 11:27:31.128|WARN|An error has occurred Found Tsd_IntGroup_Workstation_IGWebServiceClient in c:\git\streams\ig\ws\IGWebServiceClient\IGWebServiceClient.csproj, but it was not in dictionary|GenerateGraphForStreams.CodeSearcher|EventId_Id=20, EventId=20
2019/06/14 11:28:23.881|WARN|An error has occurred Found Tsd_Intersection_Workstation in c:\git\streams\int\ws\ICABulkExportTool\ICABulkExport\Tsd.Intersection.Workstation.ICABulkExport.csproj, but it was not in dictionary|GenerateGraphForStreams.CodeSearcher|EventId_Id=20, EventId=20
2019/06/14 11:28:26.165|WARN|An error has occurred Found Tsd_Intersection_Workstation in c:\git\streams\int\ws\ICAClient\ICAClient.csproj, but it was not in dictionary|GenerateGraphForStreams.CodeSearcher|EventId_Id=20, EventId=20
2019/06/14 11:28:31.734|WARN|An error has occurred Found Tsd_Intersection_Workstation in c:\git\streams\int\ws\Intersection.Workstation\Intersection.Workstation.csproj, but it was not in dictionary|GenerateGraphForStreams.CodeSearcher|EventId_Id=20, EventId=20
2019/06/14 11:28:31.856|WARN|An error has occurred Found Tsd_Intersection_Workstation in c:\git\streams\int\ws\Intersection.Workstation\Intersection.Workstation.csproj, but it was not in dictionary|GenerateGraphForStreams.CodeSearcher|EventId_Id=20, EventId=20
2019/06/14 11:28:36.512|WARN|An error has occurred Found Tsd_Intersection_Workstation in c:\git\streams\int\ws\IOGD\IOGD.csproj, but it was not in dictionary|GenerateGraphForStreams.CodeSearcher|EventId_Id=20, EventId=20
2019/06/14 11:28:47.460|WARN|An error has occurred Found Tsd_Interlocking_Workstation_InterlockingManager in c:\git\streams\itl\ws\InterlockingManager\InterlockingManager.csproj, but it was not in dictionary|GenerateGraphForStreams.CodeSearcher|EventId_Id=20, EventId=20
2019/06/14 11:29:28.441|WARN|An error has occurred Found Tsd_Libraries_Workstation_SettingsUtil in c:\git\streams\lib\ws\SettingsUtil\SettingsUtil.csproj, but it was not in dictionary|GenerateGraphForStreams.CodeSearcher|EventId_Id=20, EventId=20
2019/06/14 11:29:41.221|WARN|An error has occurred Found Tsd_Libraries_Workstation_SXPP in c:\git\streams\lib\ws\SXPP\SXPP.csproj, but it was not in dictionary|GenerateGraphForStreams.CodeSearcher|EventId_Id=20, EventId=20
2019/06/14 11:30:06.654|WARN|An error has occurred Found Tsd_LaneUseMgmtSignal_Workstation in c:\git\streams\lums\ws\LaneUseMgmtSignal.Workstation\LaneUseMgmtSignal.Workstation.csproj, but it was not in dictionary|GenerateGraphForStreams.CodeSearcher|EventId_Id=20, EventId=20
2019/06/14 11:30:06.725|WARN|An error has occurred Found Tsd_LaneUseMgmtSignal_Workstation in c:\git\streams\lums\ws\LaneUseMgmtSignal.Workstation\LaneUseMgmtSignal.Workstation.csproj, but it was not in dictionary|GenerateGraphForStreams.CodeSearcher|EventId_Id=20, EventId=20
2019/06/14 11:30:06.806|WARN|An error has occurred Found Tsd_LaneUseMgmtSignal_Workstation in c:\git\streams\lums\ws\LaneUseMgmtSignal.Workstation\LaneUseMgmtSignal.Workstation.csproj, but it was not in dictionary|GenerateGraphForStreams.CodeSearcher|EventId_Id=20, EventId=20
2019/06/14 11:30:06.875|WARN|An error has occurred Found Tsd_LaneUseMgmtSignal_Workstation in c:\git\streams\lums\ws\LaneUseMgmtSignal.Workstation\LaneUseMgmtSignal.Workstation.csproj, but it was not in dictionary|GenerateGraphForStreams.CodeSearcher|EventId_Id=20, EventId=20
2019/06/14 11:30:37.465|WARN|An error has occurred Found Tsd_Movement_Workstation_MPMReport in c:\git\streams\mvt\ws\MPMReport\MPMReport.csproj, but it was not in dictionary|GenerateGraphForStreams.CodeSearcher|EventId_Id=20, EventId=20
2019/06/14 11:30:47.930|WARN|An error has occurred Found Tsd_NationalPerformanceIndicator_Workstation in c:\git\streams\npi\ws\NationalPerformanceIndicator.Workstation\NationalPerformanceIndicator.Workstation.csproj, but it was not in dictionary|GenerateGraphForStreams.CodeSearcher|EventId_Id=20, EventId=20
2019/06/14 11:30:54.004|WARN|An error has occurred Found Tsd_PedDetector_Workstation_PDHFReportClient in c:\git\streams\pd\ws\PDHFReportClient\PDHFReportClient.csproj, but it was not in dictionary|GenerateGraphForStreams.CodeSearcher|EventId_Id=20, EventId=20
2019/06/14 11:30:58.722|WARN|An error has occurred Found Tsd_ParkGuidance_Workstation in c:\git\streams\pg\ws\ParkGuidance.Workstation\ParkGuidance.Workstation.csproj, but it was not in dictionary|GenerateGraphForStreams.CodeSearcher|EventId_Id=20, EventId=20
2019/06/14 11:31:04.605|WARN|An error has occurred Found Tsd_PackageManagement_Workstation_ppl in c:\git\streams\pkg\ws\ppl\ppl.csproj, but it was not in dictionary|GenerateGraphForStreams.CodeSearcher|EventId_Id=20, EventId=20
2019/06/14 11:31:09.467|WARN|An error has occurred Found Tsd_PlatformManagement_Workstation in c:\git\streams\pm\ws\PlatformManagement.Workstation\PlatformManagement.Workstation.csproj, but it was not in dictionary|GenerateGraphForStreams.CodeSearcher|EventId_Id=20, EventId=20
2019/06/14 11:31:49.457|WARN|An error has occurred Found Tsd_PublicTransport_Workstation in c:\git\streams\pt\ws\PTPTReportClient\PTPTReportClient.csproj, but it was not in dictionary|GenerateGraphForStreams.CodeSearcher|EventId_Id=20, EventId=20
2019/06/14 11:31:51.579|WARN|An error has occurred Found Tsd_PublicTransport_Workstation in c:\git\streams\pt\ws\ScheduleImport\ScheduleImport.csproj, but it was not in dictionary|GenerateGraphForStreams.CodeSearcher|EventId_Id=20, EventId=20
2019/06/14 11:32:17.912|WARN|An error has occurred Found Tsd_RampManagement_Workstation in c:\git\streams\rm\ws\FwyRoutePerfRpt\FwyRoutePerfRpt.csproj, but it was not in dictionary|GenerateGraphForStreams.CodeSearcher|EventId_Id=20, EventId=20
2019/06/14 11:32:20.226|WARN|An error has occurred Found Tsd_RampManagement_Workstation in c:\git\streams\rm\ws\RampManagement.Workstation\RampManagement.Workstation.csproj, but it was not in dictionary|GenerateGraphForStreams.CodeSearcher|EventId_Id=20, EventId=20
2019/06/14 11:32:20.269|WARN|An error has occurred Found Tsd_RampManagement_Workstation in c:\git\streams\rm\ws\RampManagement.Workstation\RampManagement.Workstation.csproj, but it was not in dictionary|GenerateGraphForStreams.CodeSearcher|EventId_Id=20, EventId=20
2019/06/14 11:32:20.309|WARN|An error has occurred Found Tsd_RampManagement_Workstation in c:\git\streams\rm\ws\RampManagement.Workstation\RampManagement.Workstation.csproj, but it was not in dictionary|GenerateGraphForStreams.CodeSearcher|EventId_Id=20, EventId=20
2019/06/14 11:32:20.348|WARN|An error has occurred Found Tsd_RampManagement_Workstation in c:\git\streams\rm\ws\RampManagement.Workstation\RampManagement.Workstation.csproj, but it was not in dictionary|GenerateGraphForStreams.CodeSearcher|EventId_Id=20, EventId=20
2019/06/14 11:32:21.594|WARN|An error has occurred Found Tsd_RampManagement_Workstation in c:\git\streams\rm\ws\RampMeteringRpt\RampMeteringRpt.csproj, but it was not in dictionary|GenerateGraphForStreams.CodeSearcher|EventId_Id=20, EventId=20
2019/06/14 11:32:23.995|WARN|An error has occurred Found Tsd_RampManagement_Workstation in c:\git\streams\rm\ws\rmpp\rmpp.csproj, but it was not in dictionary|GenerateGraphForStreams.CodeSearcher|EventId_Id=20, EventId=20
2019/06/14 11:32:24.035|WARN|An error has occurred Found Tsd_RampManagement_Workstation in c:\git\streams\rm\ws\rmpp\rmpp.csproj, but it was not in dictionary|GenerateGraphForStreams.CodeSearcher|EventId_Id=20, EventId=20
2019/06/14 11:32:24.072|WARN|An error has occurred Found Tsd_RampManagement_Workstation in c:\git\streams\rm\ws\rmpp\rmpp.csproj, but it was not in dictionary|GenerateGraphForStreams.CodeSearcher|EventId_Id=20, EventId=20
2019/06/14 11:32:33.785|WARN|An error has occurred Found Tsd_ResponsePlan_Workstation in c:\git\streams\rp\ws\RP.Data\RP.Data.csproj, but it was not in dictionary|GenerateGraphForStreams.CodeSearcher|EventId_Id=20, EventId=20
2019/06/14 11:32:40.728|WARN|An error has occurred Found Tsd_Route_Workstation in c:\git\streams\rte\ws\DetectorHealthReport\DetectorHealthReport.csproj, but it was not in dictionary|GenerateGraphForStreams.CodeSearcher|EventId_Id=20, EventId=20
2019/06/14 11:32:42.147|WARN|An error has occurred Found Tsd_Route_Workstation in c:\git\streams\rte\ws\InstRoutePerf.Model\InstRoutePerf.Model.csproj, but it was not in dictionary|GenerateGraphForStreams.CodeSearcher|EventId_Id=20, EventId=20
2019/06/14 11:32:48.226|WARN|An error has occurred Found Tsd_Route_Workstation in c:\git\streams\rte\ws\RPMRClient\RPMRClient.csproj, but it was not in dictionary|GenerateGraphForStreams.CodeSearcher|EventId_Id=20, EventId=20
2019/06/14 11:32:51.434|WARN|An error has occurred Found Tsd_Route_Workstation in c:\git\streams\rte\ws\SpeedProfileReport\SpeedProfileReport.csproj, but it was not in dictionary|GenerateGraphForStreams.CodeSearcher|EventId_Id=20, EventId=20
2019/06/14 11:32:56.599|WARN|An error has occurred Found Tsd_Schematics_Workstation in c:\git\streams\schm\ws\Schematics.Workstation\Schematics.Workstation.csproj, but it was not in dictionary|GenerateGraphForStreams.CodeSearcher|EventId_Id=20, EventId=20
2019/06/14 11:33:08.906|WARN|An error has occurred Found Tsd_StrategyManagement_Workstation in c:\git\streams\sm\ws\SMCopySchedule\SMCopySchedule.csproj, but it was not in dictionary|GenerateGraphForStreams.CodeSearcher|EventId_Id=20, EventId=20
2019/06/14 11:33:11.702|WARN|An error has occurred Found Tsd_StrategyManagement_Workstation in c:\git\streams\sm\ws\smpp\smpp.csproj, but it was not in dictionary|GenerateGraphForStreams.CodeSearcher|EventId_Id=20, EventId=20
2019/06/14 11:33:11.741|WARN|An error has occurred Found Tsd_StrategyManagement_Workstation in c:\git\streams\sm\ws\smpp\smpp.csproj, but it was not in dictionary|GenerateGraphForStreams.CodeSearcher|EventId_Id=20, EventId=20
2019/06/14 11:33:16.500|WARN|An error has occurred Found Tsd_StrategyManagement_Workstation in c:\git\streams\sm\ws\StrategyManagement.Workstation\StrategyManagement.Workstation.csproj, but it was not in dictionary|GenerateGraphForStreams.CodeSearcher|EventId_Id=20, EventId=20
2019/06/14 11:33:16.541|WARN|An error has occurred Found Tsd_StrategyManagement_Workstation in c:\git\streams\sm\ws\StrategyManagement.Workstation\StrategyManagement.Workstation.csproj, but it was not in dictionary|GenerateGraphForStreams.CodeSearcher|EventId_Id=20, EventId=20
2019/06/14 11:33:18.426|WARN|An error has occurred Found Tsd_TrafficEventMgmt_ApplicationServer_LocationLoggerService in c:\git\streams\tem\as\LocationLoggerService\LocationLoggerService.csproj, but it was not in dictionary|GenerateGraphForStreams.CodeSearcher|EventId_Id=20, EventId=20
2019/06/14 11:33:19.781|WARN|An error has occurred Found Tsd_TrafficEventMgmt_ApplicationServer_RTTIWebSvc in c:\git\streams\tem\as\RTTIWebSvc\RTTIWebSvc.csproj, but it was not in dictionary|GenerateGraphForStreams.CodeSearcher|EventId_Id=20, EventId=20
2019/06/14 11:33:19.827|WARN|An error has occurred Found Tsd_TrafficEventMgmt_ApplicationServer_RTTIWebSvc in c:\git\streams\tem\as\RTTIWebSvc\RTTIWebSvc.csproj, but it was not in dictionary|GenerateGraphForStreams.CodeSearcher|EventId_Id=20, EventId=20
2019/06/14 11:33:21.963|WARN|An error has occurred Found Tsd_TrafficEventMgmt_ApplicationServer_TEMWebSvc in c:\git\streams\tem\as\TEMWebSvc\TEMWebSvc.csproj, but it was not in dictionary|GenerateGraphForStreams.CodeSearcher|EventId_Id=20, EventId=20
2019/06/14 11:33:24.576|WARN|An error has occurred Found Tsd_TrafficEventMgmt_Workstation in c:\git\streams\tem\ws\TrafficEventMgmt.Workstation\TrafficEventMgmt.Workstation.csproj, but it was not in dictionary|GenerateGraphForStreams.CodeSearcher|EventId_Id=20, EventId=20
2019/06/14 11:33:24.628|WARN|An error has occurred Found Tsd_TrafficEventMgmt_Workstation in c:\git\streams\tem\ws\TrafficEventMgmt.Workstation\TrafficEventMgmt.Workstation.csproj, but it was not in dictionary|GenerateGraphForStreams.CodeSearcher|EventId_Id=20, EventId=20
2019/06/14 11:33:29.804|WARN|An error has occurred Found Tsd_GraphicsPrep_Workstation_tpsc in c:\git\streams\tgp\ws\tpsc\tpsc.csproj, but it was not in dictionary|GenerateGraphForStreams.CodeSearcher|EventId_Id=20, EventId=20
2019/06/14 11:33:40.384|WARN|An error has occurred Found Tsd_TransportNetwork_Workstation in c:\git\streams\tn\ws\TNLibrary\TNLibrary.csproj, but it was not in dictionary|GenerateGraphForStreams.CodeSearcher|EventId_Id=20, EventId=20
2019/06/14 11:33:41.950|WARN|An error has occurred Found Tsd_TransportNetwork_Workstation in c:\git\streams\tn\ws\tnmap\TNMap.csproj, but it was not in dictionary|GenerateGraphForStreams.CodeSearcher|EventId_Id=20, EventId=20
2019/06/14 11:33:44.413|WARN|An error has occurred Found Tsd_TransportNetwork_Workstation in c:\git\streams\tn\ws\TransportNetwork.Workstation\TransportNetwork.Workstation.csproj, but it was not in dictionary|GenerateGraphForStreams.CodeSearcher|EventId_Id=20, EventId=20
2019/06/14 11:33:55.643|WARN|An error has occurred Found Tsd_TravelTime_Workstation in c:\git\streams\tt\ws\TravelTime.Workstation\TravelTime.Workstation.csproj, but it was not in dictionary|GenerateGraphForStreams.CodeSearcher|EventId_Id=20, EventId=20
2019/06/14 11:33:58.299|WARN|An error has occurred Found Tsd_VehicleCount_Workstation in c:\git\streams\vc\ws\vcr\vcr.csproj, but it was not in dictionary|GenerateGraphForStreams.CodeSearcher|EventId_Id=20, EventId=20
2019/06/14 11:33:59.270|WARN|An error has occurred Found Tsd_VehicleCount_Workstation in c:\git\streams\vc\ws\VehicleCount.Workstation\VehicleCount.Workstation.csproj, but it was not in dictionary|GenerateGraphForStreams.CodeSearcher|EventId_Id=20, EventId=20
2019/06/14 11:33:59.311|WARN|An error has occurred Found Tsd_VehicleCount_Workstation in c:\git\streams\vc\ws\VehicleCount.Workstation\VehicleCount.Workstation.csproj, but it was not in dictionary|GenerateGraphForStreams.CodeSearcher|EventId_Id=20, EventId=20
2019/06/14 11:34:10.317|WARN|An error has occurred Found Tsd_VehicleDetector_Workstation in c:\git\streams\vd\ws\FMSDRRClient\FMSDRRClient.csproj, but it was not in dictionary|GenerateGraphForStreams.CodeSearcher|EventId_Id=20, EventId=20
2019/06/14 11:34:11.850|WARN|An error has occurred Found Tsd_VehicleDetector_Workstation in c:\git\streams\vd\ws\VCDClient\VCDClient.csproj, but it was not in dictionary|GenerateGraphForStreams.CodeSearcher|EventId_Id=20, EventId=20
2019/06/14 11:34:13.573|WARN|An error has occurred Found Tsd_VehicleDetector_Workstation in c:\git\streams\vd\ws\VDHFReport\VDHFReport.csproj, but it was not in dictionary|GenerateGraphForStreams.CodeSearcher|EventId_Id=20, EventId=20
2019/06/14 11:34:16.091|WARN|An error has occurred Found Tsd_VehicleDetector_Workstation in c:\git\streams\vd\ws\VehicleDetector.Workstation\VehicleDetector.Workstation.csproj, but it was not in dictionary|GenerateGraphForStreams.CodeSearcher|EventId_Id=20, EventId=20
2019/06/14 11:34:20.761|WARN|An error has occurred Found Tsd_VehicleIdentifier_Workstation_VIDHIERClient in c:\git\streams\vid\ws\VIDHIERClient\VIDHIERClient.csproj, but it was not in dictionary|GenerateGraphForStreams.CodeSearcher|EventId_Id=20, EventId=20
2019/06/14 11:34:34.947|WARN|An error has occurred Found Tsd_VariableSpeedLimit_Workstation in c:\git\streams\vsl\ws\VslHistoricalReport\VslHistoricalReport.csproj, but it was not in dictionary|GenerateGraphForStreams.CodeSearcher|EventId_Id=20, EventId=20
2019/06/14 11:34:40.244|ERROR|An error occurred Can't parse details for c:\git\streams\lib\as\WebServiceSupport\TestWebService\Service1.asmx.|GenerateGraphForStreams.CodeSearcher|EventId_Id=20, EventId=20
2019/06/14 11:34:40.506|WARN|Could not find the project directory for c:\. |GenerateGraphForStreams.CodeSearcher|EventId_Id=30, EventId=30
2019/06/14 11:34:40.506|ERROR|An error occurred Can't parse details for c:\git\streams\ptd\ptd\PtdIncidentWebSvc\PtdIncidentList.asmx.|GenerateGraphForStreams.CodeSearcher|EventId_Id=20, EventId=20
2019/06/14 11:34:40.664|ERROR|An error occurred Can't parse details for c:\git\streams\rte\as\InstRoutePerf\Service.asmx.|GenerateGraphForStreams.CodeSearcher|EventId_Id=20, EventId=20
2019/06/14 11:34:41.178|WARN|Multiple web components of the same name were found.  Tsd.VariableSpeedLimit.ApplicationServer.SpeedRequestValidation.RequestValidationService:c:\git\streams\vsl\as\SpeedRequestValidation\RequestValidation.asmx|c:\git\streams\vsl\as\SpeedRequestValidation\RequestValidationService.asmx |GenerateGraphForStreams.CodeSearcher|EventId_Id=30, EventId=30
2019/06/14 11:34:44.747|ERROR|An error has occurred Found service in c:\git\streams\ac\ws\AccessControl.Workstation\Web References\ADUserImportWebSvc\ADUserImport.wsdl, but it was not in dictionary|GenerateGraphForStreams.CodeSearcher|EventId_Id=20, EventId=20
2019/06/14 11:34:44.847|ERROR|Stopped program because of exception Index was outside the bounds of the array.|GenerateGraphForStreams.Program|
